<?xml version="1.0" encoding="UTF-8"?>
<!-- Generated by org.testng.reporters.JUnitReportReporter -->
<testsuite skipped="0" hostname="mypc" name="com.qa.tests.HomePageTest" tests="3" failures="0" timestamp="23 Apr 2020 06:04:12 GMT" time="0.131" errors="0">
  <testcase name="verifyBannerTest" time="0.065" classname="com.qa.tests.HomePageTest"/>
  <testcase name="verifyUserNameTest" time="0.033" classname="com.qa.tests.HomePageTest"/>
  <testcase name="verifyContactsLinkTest" time="0.033" classname="com.qa.tests.HomePageTest"/>
</testsuite> <!-- com.qa.tests.HomePageTest -->
