<?xml version="1.0" encoding="UTF-8"?>
<!-- Generated by org.testng.reporters.JUnitReportReporter -->
<testsuite skipped="0" hostname="mypc" name="com.qa.tests.LoginPageTest" tests="3" failures="0" timestamp="23 Apr 2020 06:04:12 GMT" time="0.661" errors="0">
  <testcase name="verifyTitleTest" time="0.054" classname="com.qa.tests.LoginPageTest"/>
  <testcase name="verifyLogoTest" time="0.045" classname="com.qa.tests.LoginPageTest"/>
  <testcase name="verifySignInTest" time="0.562" classname="com.qa.tests.LoginPageTest"/>
</testsuite> <!-- com.qa.tests.LoginPageTest -->
