<?xml version="1.0" encoding="UTF-8"?>
<!-- Generated by org.testng.reporters.JUnitReportReporter -->
<testsuite skipped="0" hostname="mypc" name="com.qa.tests.SignUpPageTest" tests="2" failures="0" timestamp="23 Apr 2020 06:04:12 GMT" time="0.056" errors="0">
  <testcase name="verifyFieldsTest" time="0.025" classname="com.qa.tests.SignUpPageTest"/>
  <testcase name="verifySignInButtonTest" time="0.031" classname="com.qa.tests.SignUpPageTest"/>
</testsuite> <!-- com.qa.tests.SignUpPageTest -->
