<?xml version="1.0" encoding="UTF-8"?>
<!-- Generated by org.testng.reporters.JUnitReportReporter -->
<testsuite skipped="0" hostname="mypc" name="com.qa.LoginTest" tests="2" failures="0" timestamp="21 Apr 2020 12:26:30 GMT" time="0.432" errors="0">
  <testcase name="loginTest" time="0.420" classname="com.qa.LoginTest"/>
  <testcase name="titleTest" time="0.012" classname="com.qa.LoginTest"/>
</testsuite> <!-- com.qa.LoginTest -->
