<?xml version="1.0" encoding="UTF-8"?>
<!-- Generated by org.testng.reporters.JUnitReportReporter -->
<testsuite skipped="0" hostname="mypc" name="com.qa.LoginPageTest" tests="2" failures="0" timestamp="21 Apr 2020 14:03:10 GMT" time="0.454" errors="0">
  <testcase name="loginTest" time="0.394" classname="com.qa.LoginPageTest"/>
  <testcase name="titleTest" time="0.060" classname="com.qa.LoginPageTest"/>
</testsuite> <!-- com.qa.LoginPageTest -->
