<?xml version="1.0" encoding="UTF-8"?>
<!-- Generated by org.testng.reporters.JUnitReportReporter -->
<testsuite skipped="0" hostname="mypc" name="com.qa.CheckOutPageTest" tests="2" failures="0" timestamp="21 Apr 2020 14:19:20 GMT" time="0.375" errors="0">
  <testcase name="creditTest" time="0.318" classname="com.qa.CheckOutPageTest"/>
  <testcase name="creditTest2" time="0.057" classname="com.qa.CheckOutPageTest"/>
</testsuite> <!-- com.qa.CheckOutPageTest -->
