<?xml version="1.0" encoding="UTF-8"?>
<!-- Generated by org.testng.reporters.JUnitReportReporter -->
<testsuite skipped="0" hostname="mypc" name="com.qa.tests.CheckOutPageTest" tests="2" failures="0" timestamp="22 Apr 2020 05:55:40 GMT" time="0.461" errors="0">
  <testcase name="creditTest" time="0.389" classname="com.qa.tests.CheckOutPageTest"/>
  <testcase name="creditTest2" time="0.072" classname="com.qa.tests.CheckOutPageTest"/>
</testsuite> <!-- com.qa.tests.CheckOutPageTest -->
