<?xml version="1.0" encoding="UTF-8"?>
<!-- Generated by org.testng.reporters.JUnitReportReporter -->
<testsuite skipped="0" hostname="mypc" name="com.qa.HomePageTest" tests="2" failures="0" timestamp="21 Apr 2020 14:03:10 GMT" time="0.043" errors="0">
  <testcase name="titleTest" time="0.022" classname="com.qa.HomePageTest"/>
  <testcase name="logoTest" time="0.021" classname="com.qa.HomePageTest"/>
</testsuite> <!-- com.qa.HomePageTest -->
